# JRE version: Java(TM) SE Runtime Environment (7.0_79-b15) (build 1.7.0_79-b15)
# Java VM: Java HotSpot(TM) 64-Bit Server VM (24.79-b02 mixed mode windows-amd64 compressed oops)
Heap
 PSYoungGen      total 53248K, used 42530K [0x00000000f5500000, 0x00000000f8d00000, 0x0000000100000000)
  eden space 49152K, 78% used [0x00000000f5500000,0x00000000f7a8db28,0x00000000f8500000)
  from space 4096K, 99% used [0x00000000f8500000,0x00000000f88faeb0,0x00000000f8900000)
  to   space 4096K, 0% used [0x00000000f8900000,0x00000000f8900000,0x00000000f8d00000)
 ParOldGen       total 65024K, used 31545K [0x00000000e0000000, 0x00000000e3f80000, 0x00000000f5500000)
  object space 65024K, 48% used [0x00000000e0000000,0x00000000e1ece5b8,0x00000000e3f80000)
 PSPermGen       total 21504K, used 17605K [0x00000000dae00000, 0x00000000dc300000, 0x00000000e0000000)
  object space 21504K, 81% used [0x00000000dae00000,0x00000000dbf317b0,0x00000000dc300000)
GC Heap History (10 events):
Event: 1.754 GC heap before
{Heap before GC invocations=1 (full 0):
 PSYoungGen      total 28672K, used 24576K [0x00000000f5500000, 0x00000000f7500000, 0x0000000100000000)
  eden space 24576K, 100% used [0x00000000f5500000,0x00000000f6d00000,0x00000000f6d00000)
  from space 4096K, 0% used [0x00000000f7100000,0x00000000f7100000,0x00000000f7500000)
  to   space 4096K, 0% used [0x00000000f6d00000,0x00000000f6d00000,0x00000000f7100000)
 ParOldGen       total 65024K, used 0K [0x00000000e0000000, 0x00000000e3f80000, 0x00000000f5500000)
  object space 65024K, 0% used [0x00000000e0000000,0x00000000e0000000,0x00000000e3f80000)
 PSPermGen       total 21504K, used 7826K [0x00000000dae00000, 0x00000000dc300000, 0x00000000e0000000)
  object space 21504K, 36% used [0x00000000dae00000,0x00000000db5a4b08,0x00000000dc300000)
Event: 1.761 GC heap after
Heap after GC invocations=1 (full 0):
 PSYoungGen      total 28672K, used 4092K [0x00000000f5500000, 0x00000000f7500000, 0x0000000100000000)
  eden space 24576K, 0% used [0x00000000f5500000,0x00000000f5500000,0x00000000f6d00000)
  from space 4096K, 99% used [0x00000000f6d00000,0x00000000f70ff110,0x00000000f7100000)
  to   space 4096K, 0% used [0x00000000f7100000,0x00000000f7100000,0x00000000f7500000)
 ParOldGen       total 65024K, used 153K [0x00000000e0000000, 0x00000000e3f80000, 0x00000000f5500000)
  object space 65024K, 0% used [0x00000000e0000000,0x00000000e0026678,0x00000000e3f80000)
 PSPermGen       total 21504K, used 7826K [0x00000000dae00000, 0x00000000dc300000, 0x00000000e0000000)
  object space 21504K, 36% used [0x00000000dae00000,0x00000000db5a4b08,0x00000000dc300000)
}
Event: 2.382 GC heap before
{Heap before GC invocations=2 (full 0):
 PSYoungGen      total 28672K, used 28668K [0x00000000f5500000, 0x00000000f7500000, 0x0000000100000000)
  eden space 24576K, 100% used [0x00000000f5500000,0x00000000f6d00000,0x00000000f6d00000)
  from space 4096K, 99% used [0x00000000f6d00000,0x00000000f70ff110,0x00000000f7100000)
  to   space 4096K, 0% used [0x00000000f7100000,0x00000000f7100000,0x00000000f7500000)
 ParOldGen       total 65024K, used 153K [0x00000000e0000000, 0x00000000e3f80000, 0x00000000f5500000)
  object space 65024K, 0% used [0x00000000e0000000,0x00000000e0026678,0x00000000e3f80000)
 PSPermGen       total 21504K, used 9509K [0x00000000dae00000, 0x00000000dc300000, 0x00000000e0000000)
  object space 21504K, 44% used [0x00000000dae00000,0x00000000db7497a8,0x00000000dc300000)
Event: 2.389 GC heap after
Heap after GC invocations=2 (full 0):
 PSYoungGen      total 28672K, used 3377K [0x00000000f5500000, 0x00000000f7500000, 0x0000000100000000)
  eden space 24576K, 0% used [0x00000000f5500000,0x00000000f5500000,0x00000000f6d00000)
  from space 4096K, 82% used [0x00000000f7100000,0x00000000f744c5e0,0x00000000f7500000)
  to   space 4096K, 0% used [0x00000000f6d00000,0x00000000f6d00000,0x00000000f7100000)
 ParOldGen       total 65024K, used 225K [0x00000000e0000000, 0x00000000e3f80000, 0x00000000f5500000)
  object space 65024K, 0% used [0x00000000e0000000,0x00000000e0038688,0x00000000e3f80000)
 PSPermGen       total 21504K, used 9509K [0x00000000dae00000, 0x00000000dc300000, 0x00000000e0000000)
  object space 21504K, 44% used [0x00000000dae00000,0x00000000db7497a8,0x00000000dc300000)
}
Event: 3.009 GC heap before
{Heap before GC invocations=3 (full 0):
 PSYoungGen      total 28672K, used 27953K [0x00000000f5500000, 0x00000000f7500000, 0x0000000100000000)
  eden space 24576K, 100% used [0x00000000f5500000,0x00000000f6d00000,0x00000000f6d00000)
  from space 4096K, 82% used [0x00000000f7100000,0x00000000f744c5e0,0x00000000f7500000)
  to   space 4096K, 0% used [0x00000000f6d00000,0x00000000f6d00000,0x00000000f7100000)
 ParOldGen       total 65024K, used 225K [0x00000000e0000000, 0x00000000e3f80000, 0x00000000f5500000)
  object space 65024K, 0% used [0x00000000e0000000,0x00000000e0038688,0x00000000e3f80000)
 PSPermGen       total 21504K, used 10588K [0x00000000dae00000, 0x00000000dc300000, 0x00000000e0000000)
  object space 21504K, 49% used [0x00000000dae00000,0x00000000db857088,0x00000000dc300000)
Event: 3.021 GC heap after
Heap after GC invocations=3 (full 0):
 PSYoungGen      total 28672K, used 4091K [0x00000000f5500000, 0x00000000f8d00000, 0x0000000100000000)
  eden space 24576K, 0% used [0x00000000f5500000,0x00000000f5500000,0x00000000f6d00000)
  from space 4096K, 99% used [0x00000000f6d00000,0x00000000f70feec0,0x00000000f7100000)
  to   space 4096K, 0% used [0x00000000f8900000,0x00000000f8900000,0x00000000f8d00000)
 ParOldGen       total 65024K, used 3816K [0x00000000e0000000, 0x00000000e3f80000, 0x00000000f5500000)
  object space 65024K, 5% used [0x00000000e0000000,0x00000000e03ba170,0x00000000e3f80000)
 PSPermGen       total 21504K, used 10588K [0x00000000dae00000, 0x00000000dc300000, 0x00000000e0000000)
  object space 21504K, 49% used [0x00000000dae00000,0x00000000db857088,0x00000000dc300000)
}
Event: 3.250 GC heap before
{Heap before GC invocations=4 (full 0):
 PSYoungGen      total 28672K, used 28667K [0x00000000f5500000, 0x00000000f8d00000, 0x0000000100000000)
  eden space 24576K, 100% used [0x00000000f5500000,0x00000000f6d00000,0x00000000f6d00000)
  from space 4096K, 99% used [0x00000000f6d00000,0x00000000f70feec0,0x00000000f7100000)
  to   space 4096K, 0% used [0x00000000f8900000,0x00000000f8900000,0x00000000f8d00000)
 ParOldGen       total 65024K, used 3816K [0x00000000e0000000, 0x00000000e3f80000, 0x00000000f5500000)
  object space 65024K, 5% used [0x00000000e0000000,0x00000000e03ba170,0x00000000e3f80000)
 PSPermGen       total 21504K, used 10668K [0x00000000dae00000, 0x00000000dc300000, 0x00000000e0000000)
  object space 21504K, 49% used [0x00000000dae00000,0x00000000db86b3b0,0x00000000dc300000)
Event: 3.280 GC heap after
Heap after GC invocations=4 (full 0):
 PSYoungGen      total 53248K, used 4075K [0x00000000f5500000, 0x00000000f8d00000, 0x0000000100000000)
  eden space 49152K, 0% used [0x00000000f5500000,0x00000000f5500000,0x00000000f8500000)
  from space 4096K, 99% used [0x00000000f8900000,0x00000000f8cfaec0,0x00000000f8d00000)
  to   space 4096K, 0% used [0x00000000f8500000,0x00000000f8500000,0x00000000f8900000)
 ParOldGen       total 65024K, used 17178K [0x00000000e0000000, 0x00000000e3f80000, 0x00000000f5500000)
  object space 65024K, 26% used [0x00000000e0000000,0x00000000e10c6b00,0x00000000e3f80000)
 PSPermGen       total 21504K, used 10668K [0x00000000dae00000, 0x00000000dc300000, 0x00000000e0000000)
  object space 21504K, 49% used [0x00000000dae00000,0x00000000db86b3b0,0x00000000dc300000)
}
Event: 4.202 GC heap before
{Heap before GC invocations=5 (full 0):
 PSYoungGen      total 53248K, used 53227K [0x00000000f5500000, 0x00000000f8d00000, 0x0000000100000000)
  eden space 49152K, 100% used [0x00000000f5500000,0x00000000f8500000,0x00000000f8500000)
  from space 4096K, 99% used [0x00000000f8900000,0x00000000f8cfaec0,0x00000000f8d00000)
  to   space 4096K, 0% used [0x00000000f8500000,0x00000000f8500000,0x00000000f8900000)
 ParOldGen       total 65024K, used 17178K [0x00000000e0000000, 0x00000000e3f80000, 0x00000000f5500000)
  object space 65024K, 26% used [0x00000000e0000000,0x00000000e10c6b00,0x00000000e3f80000)
 PSPermGen       total 21504K, used 14963K [0x00000000dae00000, 0x00000000dc300000, 0x00000000e0000000)
  object space 21504K, 69% used [0x00000000dae00000,0x00000000dbc9cfa0,0x00000000dc300000)
Event: 4.233 GC heap after
Heap after GC invocations=5 (full 0):
 PSYoungGen      total 53248K, used 4075K [0x00000000f5500000, 0x00000000f8d00000, 0x0000000100000000)
  eden space 49152K, 0% used [0x00000000f5500000,0x00000000f5500000,0x00000000f8500000)
  from space 4096K, 99% used [0x00000000f8500000,0x00000000f88faeb0,0x00000000f8900000)
  to   space 4096K, 0% used [0x00000000f8900000,0x00000000f8900000,0x00000000f8d00000)
 ParOldGen       total 65024K, used 31545K [0x00000000e0000000, 0x00000000e3f80000, 0x00000000f5500000)
  object space 65024K, 48% used [0x00000000e0000000,0x00000000e1ece5b8,0x00000000e3f80000)
 PSPermGen       total 21504K, used 14963K [0x00000000dae00000, 0x00000000dc300000, 0x00000000e0000000)
  object space 21504K, 69% used [0x00000000dae00000,0x00000000dbc9cfa0,0x00000000dc300000)
}

